<?xml version="1.0" encoding="UTF-8"?>
<!-- Generated by org.testng.reporters.JUnitReportReporter -->
<testsuite skipped="0" hostname="makurule" name="firstMavenProject.firstMavenProject.TestScenarios" tests="2" failures="0" timestamp="29 Apr 2017 08:13:29 GMT" time="48.989" errors="0">
  <testcase name="test2" time="22.687" classname="firstMavenProject.firstMavenProject.TestScenarios"/>
  <testcase name="test1" time="26.302" classname="firstMavenProject.firstMavenProject.TestScenarios"/>
</testsuite> <!-- firstMavenProject.firstMavenProject.TestScenarios -->
