<?xml version="1.0" encoding="UTF-8"?>
<!-- Generated by org.testng.reporters.JUnitReportReporter -->
<testsuite skipped="0" hostname="makurule" name="firstMavenProject.firstMavenProject.DataDrivenTest" tests="1" failures="0" timestamp="01 May 2017 04:56:54 GMT" time="36.242" errors="0">
  <testcase name="test1" time="36.242" classname="firstMavenProject.firstMavenProject.DataDrivenTest"/>
</testsuite> <!-- firstMavenProject.firstMavenProject.DataDrivenTest -->
