<?xml version="1.0" encoding="UTF-8"?>
<!-- Generated by org.testng.reporters.JUnitReportReporter -->
<testsuite skipped="0" hostname="makurule" name="firstMavenProject.firstMavenProject.DataDrivenTest1" tests="3" failures="0" timestamp="29 Apr 2017 09:07:23 GMT" time="9.014" errors="0">
  <testcase name="test1" time="1.991" classname="firstMavenProject.firstMavenProject.DataDrivenTest1"/>
  <testcase name="test1" time="6.555" classname="firstMavenProject.firstMavenProject.DataDrivenTest1"/>
  <testcase name="test1" time="0.468" classname="firstMavenProject.firstMavenProject.DataDrivenTest1"/>
</testsuite> <!-- firstMavenProject.firstMavenProject.DataDrivenTest1 -->
